{"D:\\vozy\\src\\app.js": {"path":"D:\\vozy\\src\\app.js","statementMap":{"0":{"start":{"line":1,"column":16},"end":{"line":1,"column":34}},"1":{"start":{"line":2,"column":14},"end":{"line":2,"column":37}},"2":{"start":{"line":3,"column":14},"end":{"line":3,"column":37}},"3":{"start":{"line":4,"column":15},"end":{"line":4,"column":39}},"4":{"start":{"line":5,"column":21},"end":{"line":5,"column":61}},"5":{"start":{"line":9,"column":14},"end":{"line":9,"column":23}},"6":{"start":{"line":10,"column":2},"end":{"line":10,"column":26}},"7":{"start":{"line":12,"column":2},"end":{"line":12,"column":23}},"8":{"start":{"line":13,"column":2},"end":{"line":13,"column":31}},"9":{"start":{"line":14,"column":2},"end":{"line":14,"column":31}},"10":{"start":{"line":15,"column":2},"end":{"line":15,"column":25}},"11":{"start":{"line":17,"column":2},"end":{"line":17,"column":13}},"12":{"start":{"line":20,"column":0},"end":{"line":20,"column":27}}},"fnMap":{"0":{"name":"createApp","decl":{"start":{"line":7,"column":9},"end":{"line":7,"column":18}},"loc":{"start":{"line":7,"column":21},"end":{"line":18,"column":1}},"line":7}},"branchMap":{},"s":{"0":2,"1":2,"2":2,"3":2,"4":2,"5":2,"6":2,"7":2,"8":2,"9":2,"10":2,"11":2,"12":2},"f":{"0":2},"b":{},"_coverageSchema":"1a1c01bbd47fc00a2c39e90264f33305004495a9","hash":"32ad02d3aa396bb8e1fa4073d25f4091d196dde5"}
,"D:\\vozy\\src\\db.js": {"path":"D:\\vozy\\src\\db.js","statementMap":{"0":{"start":{"line":1,"column":0},"end":{"line":1,"column":27}},"1":{"start":{"line":2,"column":17},"end":{"line":2,"column":36}},"2":{"start":{"line":4,"column":16},"end":{"line":4,"column":37}},"3":{"start":{"line":5,"column":0},"end":{"line":7,"column":1}},"4":{"start":{"line":6,"column":2},"end":{"line":6,"column":40}},"5":{"start":{"line":8,"column":0},"end":{"line":14,"column":34}},"6":{"start":{"line":13,"column":14},"end":{"line":13,"column":50}},"7":{"start":{"line":14,"column":16},"end":{"line":14,"column":32}},"8":{"start":{"line":16,"column":0},"end":{"line":19,"column":1}}},"fnMap":{"0":{"name":"(anonymous_0)","decl":{"start":{"line":13,"column":8},"end":{"line":13,"column":9}},"loc":{"start":{"line":13,"column":14},"end":{"line":13,"column":50}},"line":13},"1":{"name":"(anonymous_1)","decl":{"start":{"line":14,"column":9},"end":{"line":14,"column":10}},"loc":{"start":{"line":14,"column":16},"end":{"line":14,"column":32}},"line":14}},"branchMap":{"0":{"loc":{"start":{"line":5,"column":0},"end":{"line":7,"column":1}},"type":"if","locations":[{"start":{"line":5,"column":0},"end":{"line":7,"column":1}},{"start":{"line":5,"column":0},"end":{"line":7,"column":1}}],"line":5}},"s":{"0":2,"1":2,"2":2,"3":2,"4":2,"5":2,"6":2,"7":0,"8":2},"f":{"0":2,"1":0},"b":{"0":[2,0]},"_coverageSchema":"1a1c01bbd47fc00a2c39e90264f33305004495a9","hash":"2f2076d5a5249055ae2d2b38f879dffe2b1dccd8"}
,"D:\\vozy\\src\\error-handler\\error-handler.js": {"path":"D:\\vozy\\src\\error-handler\\error-handler.js","statementMap":{"0":{"start":{"line":2,"column":2},"end":{"line":5,"column":3}},"1":{"start":{"line":3,"column":4},"end":{"line":3,"column":33}},"2":{"start":{"line":4,"column":4},"end":{"line":4,"column":38}},"3":{"start":{"line":8,"column":0},"end":{"line":8,"column":30}}},"fnMap":{"0":{"name":"errorHandler","decl":{"start":{"line":1,"column":9},"end":{"line":1,"column":21}},"loc":{"start":{"line":1,"column":24},"end":{"line":6,"column":1}},"line":1},"1":{"name":"(anonymous_1)","decl":{"start":{"line":2,"column":9},"end":{"line":2,"column":10}},"loc":{"start":{"line":2,"column":40},"end":{"line":5,"column":3}},"line":2}},"branchMap":{"0":{"loc":{"start":{"line":3,"column":15},"end":{"line":3,"column":32}},"type":"binary-expr","locations":[{"start":{"line":3,"column":15},"end":{"line":3,"column":25}},{"start":{"line":3,"column":29},"end":{"line":3,"column":32}}],"line":3}},"s":{"0":2,"1":4,"2":4,"3":2},"f":{"0":2,"1":4},"b":{"0":[4,1]},"_coverageSchema":"1a1c01bbd47fc00a2c39e90264f33305004495a9","hash":"e6c5fbda83d6eefc93ff6f0464ccc83b67a20cbe"}
,"D:\\vozy\\src\\helpers\\checkObjectId.js": {"path":"D:\\vozy\\src\\helpers\\checkObjectId.js","statementMap":{"0":{"start":{"line":1,"column":17},"end":{"line":1,"column":36}},"1":{"start":{"line":4,"column":2},"end":{"line":6,"column":3}},"2":{"start":{"line":5,"column":4},"end":{"line":5,"column":58}},"3":{"start":{"line":7,"column":2},"end":{"line":7,"column":8}},"4":{"start":{"line":10,"column":0},"end":{"line":10,"column":30}}},"fnMap":{"0":{"name":"checkObjectId","decl":{"start":{"line":3,"column":9},"end":{"line":3,"column":22}},"loc":{"start":{"line":3,"column":39},"end":{"line":8,"column":1}},"line":3}},"branchMap":{"0":{"loc":{"start":{"line":4,"column":2},"end":{"line":6,"column":3}},"type":"if","locations":[{"start":{"line":4,"column":2},"end":{"line":6,"column":3}},{"start":{"line":4,"column":2},"end":{"line":6,"column":3}}],"line":4}},"s":{"0":2,"1":25,"2":6,"3":19,"4":2},"f":{"0":25},"b":{"0":[6,19]},"_coverageSchema":"1a1c01bbd47fc00a2c39e90264f33305004495a9","hash":"3d1d278886f4d17afd86193f000696bed50e3dbb"}
,"D:\\vozy\\src\\helpers\\isAuth.js": {"path":"D:\\vozy\\src\\helpers\\isAuth.js","statementMap":{"0":{"start":{"line":1,"column":12},"end":{"line":1,"column":34}},"1":{"start":{"line":2,"column":0},"end":{"line":2,"column":27}},"2":{"start":{"line":4,"column":0},"end":{"line":4,"column":79}}},"fnMap":{},"branchMap":{},"s":{"0":2,"1":2,"2":2},"f":{},"b":{},"_coverageSchema":"1a1c01bbd47fc00a2c39e90264f33305004495a9","hash":"0a85e7fc67a3a83b2e71d5fd94d99f4fc940da3e"}
,"D:\\vozy\\src\\post\\controller.js": {"path":"D:\\vozy\\src\\post\\controller.js","statementMap":{"0":{"start":{"line":1,"column":23},"end":{"line":1,"column":39}},"1":{"start":{"line":4,"column":2},"end":{"line":9,"column":3}},"2":{"start":{"line":5,"column":19},"end":{"line":5,"column":53}},"3":{"start":{"line":6,"column":4},"end":{"line":6,"column":32}},"4":{"start":{"line":8,"column":4},"end":{"line":8,"column":15}},"5":{"start":{"line":13,"column":2},"end":{"line":22,"column":3}},"6":{"start":{"line":14,"column":19},"end":{"line":14,"column":59}},"7":{"start":{"line":15,"column":4},"end":{"line":19,"column":5}},"8":{"start":{"line":16,"column":6},"end":{"line":16,"column":34}},"9":{"start":{"line":18,"column":6},"end":{"line":18,"column":62}},"10":{"start":{"line":21,"column":4},"end":{"line":21,"column":15}},"11":{"start":{"line":26,"column":2},"end":{"line":39,"column":3}},"12":{"start":{"line":27,"column":17},"end":{"line":27,"column":44}},"13":{"start":{"line":28,"column":4},"end":{"line":36,"column":5}},"14":{"start":{"line":29,"column":22},"end":{"line":31,"column":7}},"15":{"start":{"line":32,"column":21},"end":{"line":32,"column":47}},"16":{"start":{"line":33,"column":6},"end":{"line":33,"column":34}},"17":{"start":{"line":35,"column":6},"end":{"line":35,"column":62}},"18":{"start":{"line":38,"column":4},"end":{"line":38,"column":15}},"19":{"start":{"line":43,"column":2},"end":{"line":55,"column":3}},"20":{"start":{"line":44,"column":17},"end":{"line":44,"column":40}},"21":{"start":{"line":45,"column":4},"end":{"line":51,"column":5}},"22":{"start":{"line":46,"column":6},"end":{"line":46,"column":31}},"23":{"start":{"line":47,"column":21},"end":{"line":47,"column":38}},"24":{"start":{"line":48,"column":6},"end":{"line":48,"column":34}},"25":{"start":{"line":50,"column":6},"end":{"line":50,"column":62}},"26":{"start":{"line":54,"column":4},"end":{"line":54,"column":15}},"27":{"start":{"line":59,"column":2},"end":{"line":68,"column":3}},"28":{"start":{"line":60,"column":19},"end":{"line":60,"column":51}},"29":{"start":{"line":61,"column":4},"end":{"line":65,"column":5}},"30":{"start":{"line":62,"column":6},"end":{"line":62,"column":32}},"31":{"start":{"line":64,"column":6},"end":{"line":64,"column":33}},"32":{"start":{"line":67,"column":4},"end":{"line":67,"column":15}},"33":{"start":{"line":71,"column":0},"end":{"line":77,"column":1}}},"fnMap":{"0":{"name":"getAll","decl":{"start":{"line":3,"column":15},"end":{"line":3,"column":21}},"loc":{"start":{"line":3,"column":38},"end":{"line":10,"column":1}},"line":3},"1":{"name":"getOne","decl":{"start":{"line":12,"column":15},"end":{"line":12,"column":21}},"loc":{"start":{"line":12,"column":53},"end":{"line":23,"column":1}},"line":12},"2":{"name":"create","decl":{"start":{"line":25,"column":15},"end":{"line":25,"column":21}},"loc":{"start":{"line":25,"column":75},"end":{"line":40,"column":1}},"line":25},"3":{"name":"edit","decl":{"start":{"line":42,"column":15},"end":{"line":42,"column":19}},"loc":{"start":{"line":42,"column":57},"end":{"line":56,"column":1}},"line":42},"4":{"name":"deleteOne","decl":{"start":{"line":58,"column":15},"end":{"line":58,"column":24}},"loc":{"start":{"line":58,"column":56},"end":{"line":69,"column":1}},"line":58}},"branchMap":{"0":{"loc":{"start":{"line":15,"column":4},"end":{"line":19,"column":5}},"type":"if","locations":[{"start":{"line":15,"column":4},"end":{"line":19,"column":5}},{"start":{"line":15,"column":4},"end":{"line":19,"column":5}}],"line":15},"1":{"loc":{"start":{"line":28,"column":4},"end":{"line":36,"column":5}},"type":"if","locations":[{"start":{"line":28,"column":4},"end":{"line":36,"column":5}},{"start":{"line":28,"column":4},"end":{"line":36,"column":5}}],"line":28},"2":{"loc":{"start":{"line":45,"column":4},"end":{"line":51,"column":5}},"type":"if","locations":[{"start":{"line":45,"column":4},"end":{"line":51,"column":5}},{"start":{"line":45,"column":4},"end":{"line":51,"column":5}}],"line":45},"3":{"loc":{"start":{"line":61,"column":4},"end":{"line":65,"column":5}},"type":"if","locations":[{"start":{"line":61,"column":4},"end":{"line":65,"column":5}},{"start":{"line":61,"column":4},"end":{"line":65,"column":5}}],"line":61}},"s":{"0":2,"1":3,"2":3,"3":3,"4":0,"5":2,"6":2,"7":2,"8":1,"9":1,"10":0,"11":2,"12":2,"13":2,"14":1,"15":1,"16":1,"17":1,"18":0,"19":2,"20":2,"21":2,"22":1,"23":1,"24":1,"25":1,"26":0,"27":2,"28":2,"29":2,"30":1,"31":1,"32":0,"33":2},"f":{"0":3,"1":2,"2":2,"3":2,"4":2},"b":{"0":[1,1],"1":[1,1],"2":[1,1],"3":[1,1]},"_coverageSchema":"1a1c01bbd47fc00a2c39e90264f33305004495a9","hash":"1487cd3cfb5bc0fc932ded470f357aa4b25ff776"}
,"D:\\vozy\\src\\post\\index.js": {"path":"D:\\vozy\\src\\post\\index.js","statementMap":{"0":{"start":{"line":1,"column":14},"end":{"line":1,"column":32}},"1":{"start":{"line":2,"column":22},"end":{"line":2,"column":57}},"2":{"start":{"line":3,"column":13},"end":{"line":3,"column":29}},"3":{"start":{"line":5,"column":52},"end":{"line":5,"column":75}},"4":{"start":{"line":7,"column":0},"end":{"line":7,"column":25}},"5":{"start":{"line":8,"column":0},"end":{"line":8,"column":42}},"6":{"start":{"line":9,"column":0},"end":{"line":9,"column":25}},"7":{"start":{"line":10,"column":0},"end":{"line":10,"column":40}},"8":{"start":{"line":11,"column":0},"end":{"line":11,"column":47}},"9":{"start":{"line":13,"column":0},"end":{"line":13,"column":24}}},"fnMap":{},"branchMap":{},"s":{"0":2,"1":2,"2":2,"3":2,"4":2,"5":2,"6":2,"7":2,"8":2,"9":2},"f":{},"b":{},"_coverageSchema":"1a1c01bbd47fc00a2c39e90264f33305004495a9","hash":"c4bac402a5074b748c674764ea6cea8119f484d7"}
,"D:\\vozy\\src\\post\\model.js": {"path":"D:\\vozy\\src\\post\\model.js","statementMap":{"0":{"start":{"line":1,"column":26},"end":{"line":1,"column":45}},"1":{"start":{"line":3,"column":19},"end":{"line":19,"column":2}},"2":{"start":{"line":21,"column":0},"end":{"line":21,"column":43}}},"fnMap":{},"branchMap":{},"s":{"0":2,"1":2,"2":2},"f":{},"b":{},"_coverageSchema":"1a1c01bbd47fc00a2c39e90264f33305004495a9","hash":"540b7dc7f6251eccc99f3db9bd5855fa3c43c051"}
,"D:\\vozy\\src\\route\\index.js": {"path":"D:\\vozy\\src\\route\\index.js","statementMap":{"0":{"start":{"line":1,"column":14},"end":{"line":1,"column":32}},"1":{"start":{"line":2,"column":13},"end":{"line":2,"column":29}},"2":{"start":{"line":4,"column":26},"end":{"line":4,"column":55}},"3":{"start":{"line":6,"column":0},"end":{"line":6,"column":25}},"4":{"start":{"line":7,"column":0},"end":{"line":7,"column":29}},"5":{"start":{"line":9,"column":0},"end":{"line":9,"column":24}}},"fnMap":{},"branchMap":{},"s":{"0":2,"1":2,"2":2,"3":2,"4":2,"5":2},"f":{},"b":{},"_coverageSchema":"1a1c01bbd47fc00a2c39e90264f33305004495a9","hash":"4e1ee3ff012f820244e9c3d08828d1d25f4f4f2d"}
,"D:\\vozy\\src\\user\\controller.js": {"path":"D:\\vozy\\src\\user\\controller.js","statementMap":{"0":{"start":{"line":1,"column":23},"end":{"line":1,"column":39}},"1":{"start":{"line":2,"column":12},"end":{"line":2,"column":35}},"2":{"start":{"line":3,"column":0},"end":{"line":3,"column":26}},"3":{"start":{"line":6,"column":2},"end":{"line":11,"column":3}},"4":{"start":{"line":7,"column":19},"end":{"line":7,"column":36}},"5":{"start":{"line":8,"column":4},"end":{"line":8,"column":32}},"6":{"start":{"line":10,"column":4},"end":{"line":10,"column":15}},"7":{"start":{"line":15,"column":2},"end":{"line":25,"column":3}},"8":{"start":{"line":16,"column":17},"end":{"line":16,"column":40}},"9":{"start":{"line":17,"column":4},"end":{"line":22,"column":5}},"10":{"start":{"line":18,"column":21},"end":{"line":18,"column":44}},"11":{"start":{"line":19,"column":6},"end":{"line":19,"column":34}},"12":{"start":{"line":21,"column":6},"end":{"line":21,"column":62}},"13":{"start":{"line":24,"column":4},"end":{"line":24,"column":15}},"14":{"start":{"line":29,"column":2},"end":{"line":46,"column":3}},"15":{"start":{"line":30,"column":18},"end":{"line":30,"column":51}},"16":{"start":{"line":31,"column":4},"end":{"line":43,"column":5}},"17":{"start":{"line":32,"column":6},"end":{"line":32,"column":67}},"18":{"start":{"line":34,"column":22},"end":{"line":36,"column":7}},"19":{"start":{"line":37,"column":19},"end":{"line":37,"column":45}},"20":{"start":{"line":39,"column":19},"end":{"line":39,"column":36}},"21":{"start":{"line":40,"column":6},"end":{"line":40,"column":26}},"22":{"start":{"line":42,"column":6},"end":{"line":42,"column":32}},"23":{"start":{"line":45,"column":4},"end":{"line":45,"column":15}},"24":{"start":{"line":50,"column":2},"end":{"line":61,"column":3}},"25":{"start":{"line":51,"column":17},"end":{"line":51,"column":40}},"26":{"start":{"line":52,"column":4},"end":{"line":58,"column":5}},"27":{"start":{"line":53,"column":6},"end":{"line":53,"column":31}},"28":{"start":{"line":54,"column":21},"end":{"line":54,"column":38}},"29":{"start":{"line":55,"column":6},"end":{"line":55,"column":34}},"30":{"start":{"line":57,"column":6},"end":{"line":57,"column":62}},"31":{"start":{"line":60,"column":4},"end":{"line":60,"column":15}},"32":{"start":{"line":65,"column":2},"end":{"line":74,"column":3}},"33":{"start":{"line":66,"column":19},"end":{"line":66,"column":51}},"34":{"start":{"line":67,"column":4},"end":{"line":71,"column":5}},"35":{"start":{"line":68,"column":6},"end":{"line":68,"column":32}},"36":{"start":{"line":70,"column":6},"end":{"line":70,"column":33}},"37":{"start":{"line":73,"column":4},"end":{"line":73,"column":15}},"38":{"start":{"line":78,"column":2},"end":{"line":88,"column":3}},"39":{"start":{"line":79,"column":17},"end":{"line":79,"column":40}},"40":{"start":{"line":80,"column":4},"end":{"line":85,"column":5}},"41":{"start":{"line":81,"column":20},"end":{"line":81,"column":49}},"42":{"start":{"line":82,"column":6},"end":{"line":82,"column":33}},"43":{"start":{"line":84,"column":6},"end":{"line":84,"column":62}},"44":{"start":{"line":87,"column":4},"end":{"line":87,"column":15}},"45":{"start":{"line":92,"column":2},"end":{"line":115,"column":3}},"46":{"start":{"line":93,"column":4},"end":{"line":95,"column":5}},"47":{"start":{"line":94,"column":6},"end":{"line":94,"column":52}},"48":{"start":{"line":97,"column":17},"end":{"line":97,"column":53}},"49":{"start":{"line":98,"column":18},"end":{"line":98,"column":54}},"50":{"start":{"line":100,"column":4},"end":{"line":112,"column":5}},"51":{"start":{"line":102,"column":19},"end":{"line":102,"column":34}},"52":{"start":{"line":103,"column":6},"end":{"line":103,"column":26}},"53":{"start":{"line":104,"column":20},"end":{"line":107,"column":8}},"54":{"start":{"line":109,"column":6},"end":{"line":109,"column":44}},"55":{"start":{"line":111,"column":6},"end":{"line":111,"column":50}},"56":{"start":{"line":114,"column":4},"end":{"line":114,"column":13}},"57":{"start":{"line":118,"column":0},"end":{"line":126,"column":1}}},"fnMap":{"0":{"name":"getAll","decl":{"start":{"line":5,"column":15},"end":{"line":5,"column":21}},"loc":{"start":{"line":5,"column":38},"end":{"line":12,"column":1}},"line":5},"1":{"name":"getOne","decl":{"start":{"line":14,"column":15},"end":{"line":14,"column":21}},"loc":{"start":{"line":14,"column":53},"end":{"line":26,"column":1}},"line":14},"2":{"name":"signin","decl":{"start":{"line":28,"column":15},"end":{"line":28,"column":21}},"loc":{"start":{"line":28,"column":70},"end":{"line":47,"column":1}},"line":28},"3":{"name":"edit","decl":{"start":{"line":49,"column":15},"end":{"line":49,"column":19}},"loc":{"start":{"line":49,"column":57},"end":{"line":62,"column":1}},"line":49},"4":{"name":"deleteOne","decl":{"start":{"line":64,"column":15},"end":{"line":64,"column":24}},"loc":{"start":{"line":64,"column":56},"end":{"line":75,"column":1}},"line":64},"5":{"name":"postsByUser","decl":{"start":{"line":77,"column":15},"end":{"line":77,"column":26}},"loc":{"start":{"line":77,"column":58},"end":{"line":89,"column":1}},"line":77},"6":{"name":"login","decl":{"start":{"line":91,"column":15},"end":{"line":91,"column":20}},"loc":{"start":{"line":91,"column":63},"end":{"line":116,"column":1}},"line":91}},"branchMap":{"0":{"loc":{"start":{"line":17,"column":4},"end":{"line":22,"column":5}},"type":"if","locations":[{"start":{"line":17,"column":4},"end":{"line":22,"column":5}},{"start":{"line":17,"column":4},"end":{"line":22,"column":5}}],"line":17},"1":{"loc":{"start":{"line":31,"column":4},"end":{"line":43,"column":5}},"type":"if","locations":[{"start":{"line":31,"column":4},"end":{"line":43,"column":5}},{"start":{"line":31,"column":4},"end":{"line":43,"column":5}}],"line":31},"2":{"loc":{"start":{"line":52,"column":4},"end":{"line":58,"column":5}},"type":"if","locations":[{"start":{"line":52,"column":4},"end":{"line":58,"column":5}},{"start":{"line":52,"column":4},"end":{"line":58,"column":5}}],"line":52},"3":{"loc":{"start":{"line":67,"column":4},"end":{"line":71,"column":5}},"type":"if","locations":[{"start":{"line":67,"column":4},"end":{"line":71,"column":5}},{"start":{"line":67,"column":4},"end":{"line":71,"column":5}}],"line":67},"4":{"loc":{"start":{"line":80,"column":4},"end":{"line":85,"column":5}},"type":"if","locations":[{"start":{"line":80,"column":4},"end":{"line":85,"column":5}},{"start":{"line":80,"column":4},"end":{"line":85,"column":5}}],"line":80},"5":{"loc":{"start":{"line":93,"column":4},"end":{"line":95,"column":5}},"type":"if","locations":[{"start":{"line":93,"column":4},"end":{"line":95,"column":5}},{"start":{"line":93,"column":4},"end":{"line":95,"column":5}}],"line":93},"6":{"loc":{"start":{"line":93,"column":10},"end":{"line":93,"column":27}},"type":"binary-expr","locations":[{"start":{"line":93,"column":10},"end":{"line":93,"column":15}},{"start":{"line":93,"column":19},"end":{"line":93,"column":27}}],"line":93},"7":{"loc":{"start":{"line":100,"column":4},"end":{"line":112,"column":5}},"type":"if","locations":[{"start":{"line":100,"column":4},"end":{"line":112,"column":5}},{"start":{"line":100,"column":4},"end":{"line":112,"column":5}}],"line":100},"8":{"loc":{"start":{"line":100,"column":8},"end":{"line":100,"column":21}},"type":"binary-expr","locations":[{"start":{"line":100,"column":8},"end":{"line":100,"column":12}},{"start":{"line":100,"column":16},"end":{"line":100,"column":21}}],"line":100}},"s":{"0":2,"1":2,"2":2,"3":3,"4":3,"5":3,"6":0,"7":2,"8":2,"9":2,"10":1,"11":1,"12":1,"13":0,"14":3,"15":3,"16":3,"17":1,"18":2,"19":2,"20":1,"21":1,"22":1,"23":1,"24":2,"25":2,"26":2,"27":1,"28":1,"29":1,"30":1,"31":0,"32":2,"33":2,"34":2,"35":1,"36":1,"37":0,"38":4,"39":4,"40":4,"41":4,"42":4,"43":0,"44":0,"45":1,"46":1,"47":0,"48":1,"49":1,"50":1,"51":1,"52":1,"53":1,"54":1,"55":0,"56":0,"57":2},"f":{"0":3,"1":2,"2":3,"3":2,"4":2,"5":4,"6":1},"b":{"0":[1,1],"1":[1,2],"2":[1,1],"3":[1,1],"4":[4,0],"5":[0,1],"6":[1,1],"7":[1,0],"8":[1,1]},"_coverageSchema":"1a1c01bbd47fc00a2c39e90264f33305004495a9","hash":"73d57d3952d1da81e5eff652b244b4ffa94d17f7"}
,"D:\\vozy\\src\\user\\index.js": {"path":"D:\\vozy\\src\\user\\index.js","statementMap":{"0":{"start":{"line":1,"column":14},"end":{"line":1,"column":32}},"1":{"start":{"line":2,"column":22},"end":{"line":2,"column":57}},"2":{"start":{"line":3,"column":15},"end":{"line":3,"column":43}},"3":{"start":{"line":4,"column":13},"end":{"line":4,"column":29}},"4":{"start":{"line":6,"column":57},"end":{"line":6,"column":80}},"5":{"start":{"line":8,"column":0},"end":{"line":8,"column":24}},"6":{"start":{"line":10,"column":0},"end":{"line":13,"column":10}},"7":{"start":{"line":15,"column":0},"end":{"line":18,"column":8}},"8":{"start":{"line":20,"column":0},"end":{"line":23,"column":12}},"9":{"start":{"line":24,"column":0},"end":{"line":24,"column":53}},"10":{"start":{"line":26,"column":0},"end":{"line":26,"column":24}}},"fnMap":{},"branchMap":{},"s":{"0":2,"1":2,"2":2,"3":2,"4":2,"5":2,"6":2,"7":2,"8":2,"9":2,"10":2},"f":{},"b":{},"_coverageSchema":"1a1c01bbd47fc00a2c39e90264f33305004495a9","hash":"53fe3e20688976f55e4cb596003b4459d3a13532"}
,"D:\\vozy\\src\\user\\model.js": {"path":"D:\\vozy\\src\\user\\model.js","statementMap":{"0":{"start":{"line":1,"column":26},"end":{"line":1,"column":45}},"1":{"start":{"line":2,"column":15},"end":{"line":2,"column":32}},"2":{"start":{"line":4,"column":19},"end":{"line":24,"column":2}},"3":{"start":{"line":26,"column":0},"end":{"line":35,"column":2}},"4":{"start":{"line":29,"column":17},"end":{"line":29,"column":21}},"5":{"start":{"line":30,"column":17},"end":{"line":30,"column":53}},"6":{"start":{"line":32,"column":4},"end":{"line":32,"column":25}},"7":{"start":{"line":33,"column":4},"end":{"line":33,"column":11}},"8":{"start":{"line":37,"column":0},"end":{"line":39,"column":1}},"9":{"start":{"line":38,"column":2},"end":{"line":38,"column":55}},"10":{"start":{"line":41,"column":0},"end":{"line":41,"column":43}}},"fnMap":{"0":{"name":"(anonymous_0)","decl":{"start":{"line":28,"column":2},"end":{"line":28,"column":3}},"loc":{"start":{"line":28,"column":24},"end":{"line":34,"column":3}},"line":28},"1":{"name":"(anonymous_1)","decl":{"start":{"line":37,"column":37},"end":{"line":37,"column":38}},"loc":{"start":{"line":37,"column":63},"end":{"line":39,"column":1}},"line":37}},"branchMap":{},"s":{"0":2,"1":2,"2":2,"3":2,"4":6,"5":6,"6":6,"7":6,"8":2,"9":1,"10":2},"f":{"0":6,"1":1},"b":{},"_coverageSchema":"1a1c01bbd47fc00a2c39e90264f33305004495a9","hash":"376fac5d4d0dcdfac7449384bfb8b204377d4264"}
}
